set ucliGUI::state
set ucliGUI::state
ucliCore::getToolPID
synopsys::env hasTB
trigger_hier_stack_context_switch 0
synopsys::xml set_array_limit <data limit="50" />
synopsys::xml set_depth_limit <data limit="100" />
synopsys::xml set_string_limit <data limit="1000" />
synopsys::xml set_only_active_frame <data value="1" />
synopsys::xml set_variable_frame_id <data value="1" />
synUtils::setDVEInitPhase 1
synopsys::dump -type VPD -file /tmp/inter.vpd -locking
synopsys::dump -autoflush on -fid VPD0
set ::dve_fid VPD0
synUtils::setDVEInitPhase 0
ucliCore::getToolPID
synUtils::sendTool -active _icl_setToolSocket /tmp/smlnpu6rszm
synUtils::sendTool -active {_icl_start_rpc -version "M-2017.03_Full64" -sync_file /tmp/vcs_dve_rpc.r0666113.301729}
synUtils::sendTool -active {_icl_createSharedMemory /tmp/vcs_dve_general.r0666113.301729}
config endofsim noexit
config onfail enable all
config syscaddplainmembers
config syscaddsourcenames
config syscaddstructtypes
synopsys::listing -disable
synopsys::dump -add {tbench_top.intf_i } -aggregates  -fid VPD0
synopsys::dump -add {tbench_top.intf_i.tb } -aggregates  -fid VPD0
ucliGUI::getSignalValues -scope tbench_top -radix {decimal } -list {EXT_MEM_HEIGHT }
ucliGUI::getSignalValues -scope tbench_top -radix {decimal } -list {ACCUMULATION_WIDTH }
ucliGUI::getSignalValues -scope tbench_top.dut -radix {hexadecimal } -list {{ext_mem_write_addr[19:0]} }
ucliGUI::getSignalValues -scope tbench_top.dut -radix {hexadecimal } -list {{ext_mem_din[31:0]} }
ucliGUI::getSignalValues -scope tbench_top.dut -radix {binary } -list {ext_mem_write_en }
ucliGUI::getSignalValues -scope tbench_top.dut -radix {hexadecimal } -list {{ext_mem_qout[31:0]} }
ucliGUI::getSignalValues -scope tbench_top.dut -radix {hexadecimal } -list {{ext_mem_read_addr[19:0]} }
ucliGUI::getSignalValues -scope tbench_top.dut -radix {decimal } -list {IO_DATA_WIDTH }
ucliGUI::getSignalValues -scope tbench_top.dut -radix {decimal } -list {EXT_MEM_WIDTH }
ucliGUI::getSignalValues -scope tbench_top.dut -radix {decimal } -list {EXT_MEM_HEIGHT }
ucliGUI::getSignalValues -scope tbench_top.dut -radix {decimal } -list {ACCUMULATION_WIDTH }
ucliGUI::getSignalValues -scope tbench_top.dut -radix {binary } -list {clk }
ucliGUI::vpdAddHierarchy -scope tbench_top.dut.ext_mem -depth 1 -file /tmp/inter.vpd; synopsys::dump -flush VPD0
synopsys::dump -add {tbench_top.dut.ext_mem.HEIGHT} -aggregates  -fid VPD0
synopsys::dump -add {tbench_top.dut.ext_mem.read_addr} -aggregates  -fid VPD0
ucliGUI::getSignalValues -scope tbench_top.dut.ext_mem -radix {binary } -list {write_en }
ucliGUI::getSignalValues -scope tbench_top.dut.ext_mem -radix {hexadecimal hexadecimal hexadecimal hexadecimal hexadecimal hexadecimal hexadecimal hexadecimal hexadecimal hexadecimal hexadecimal hexadecimal hexadecimal hexadecimal hexadecimal hexadecimal } -list {{data[0]} {data[1]} {data[2]} {data[3]} {data[4]} {data[5]} {data[6]} {data[7]} {data[8]} {data[9]} {data[10]} {data[11]} {data[12]} {data[13]} {data[14]} {data[15]} }
ucliGUI::getSignalValues -scope tbench_top.dut.ext_mem -radix {binary } -list {clk }
ucliGUI::getSignalValues -scope tbench_top.dut.ext_mem -radix {hexadecimal hexadecimal hexadecimal hexadecimal hexadecimal hexadecimal hexadecimal hexadecimal hexadecimal hexadecimal hexadecimal hexadecimal hexadecimal hexadecimal hexadecimal hexadecimal } -list {{data[0]} {data[1]} {data[2]} {data[3]} {data[4]} {data[5]} {data[6]} {data[7]} {data[8]} {data[9]} {data[10]} {data[11]} {data[12]} {data[13]} {data[14]} {data[15]} }
ucliGUI::getSignalValues -scope tbench_top.dut.ext_mem -radix {decimal } -list {WIDTH }
ucliGUI::getSignalValues -scope tbench_top.dut.ext_mem -radix {hexadecimal } -list {{din[31:0]} }
ucliGUI::getSignalValues -scope tbench_top.dut.ext_mem -radix {decimal } -list {HEIGHT }
synopsys::dump -add {tbench_top.dut.ext_mem.write_addr} -aggregates  -fid VPD0
ucliGUI::getSignalValues -scope tbench_top.dut -radix {binary } -list {b_valid }
ucliGUI::getSignalValues -scope tbench_top.dut -radix {binary } -list {a_ready }
synopsys::dump -add {tbench_top.dut.FEATURE_MAP_WIDTH} -aggregates  -fid VPD0
ucliGUI::getSignalValues -scope tbench_top.dut -radix {binary } -list {ext_mem_read_en }
ucliGUI::getSignalValues -scope tbench_top.dut -radix {decimal } -list {FEATURE_MAP_WIDTH }
ucliGUI::getSignalValues -scope tbench_top.dut -radix {decimal } -list {FEATURE_MAP_HEIGHT }
ucliGUI::getSignalValues -scope tbench_top.dut -radix {decimal } -list {OUTPUT_NB_CHANNELS }
ucliGUI::getSignalValues -scope tbench_top.dut -radix {binary } -list {start }
ucliGUI::getSignalValues -scope tbench_top.dut -radix {hexadecimal } -list {{b_input[15:0]} }
ucliGUI::getSignalValues -scope tbench_top.dut -radix {decimal } -list {INPUT_NB_CHANNELS }
