09:26:10    16 -->                                                             [tcl] ucliGUI::connect -toolargs -ucligui -toolexe out/simv  -pid 301729 -toolin /tmp/vcs_20201106082607_301725_r0666113..stdin -toolout /tmp/vcs_20201106082607_301725_r0666113..stdout  
09:26:10    17 -->                                                                 [tcl] set ucliGUI::state
09:26:10    18 -->                                                                     [tcl] gui_update_simulator_buttons
09:26:11    19 -->                                                                         [tcl] set ucliGUI::state
09:26:11    20 -->                                                                             [tcl] ucliCore::getToolPID
09:26:11    21 -->                                                                                 [tcl] synopsys::env hasTB
09:26:11    22 -->                                                                                     [tcl] trigger_hier_stack_context_switch 0
09:26:11    23 -->                                                                                         [tcl] synopsys::xml set_array_limit <data limit="50" />
09:26:11    24 -->                                                                                             [tcl] synopsys::xml set_depth_limit <data limit="100" />
09:26:11    25 --> ...  [tcl] synopsys::xml set_string_limit <data limit="1000" />
09:26:11    26 --> ...      [tcl] synopsys::xml set_only_active_frame <data value="1" />
09:26:11    27 --> ...          [tcl] synopsys::xml set_variable_frame_id <data value="1" />
09:26:11    28 --> ...              [tcl] synUtils::setDVEInitPhase 1
09:26:11    29 --> ...                  [tcl] gui_get_env SIMSETUP::SIMVPD
09:26:11    30 --> ...                      [tcl] synopsys::dump -type VPD -file /tmp/inter.vpd -locking
09:26:11    31 --> ...                          [tcl] synopsys::dump -autoflush on -fid VPD0
09:26:11    32 --> ...                              [tcl] set ::dve_fid VPD0
09:26:11    33 --> ...                                  [tcl] synUtils::setDVEInitPhase 0
09:26:11    34 --> ...                                      [tcl] ucliCore::getToolPID
09:26:11    35 --> ...                                          [tcl] synUtils::sendTool -active _icl_setToolSocket /tmp/smlnpu6rszm
09:26:11    36 --> ...                                              [tcl] synUtils::sendTool -active {_icl_start_rpc -version "M-2017.03_Full64" -sync_file /tmp/vcs_dve_rpc.r0666113.301729}
09:26:11    37 --> ...                                                  [tcl] synUtils::sendTool -active {_icl_createSharedMemory /tmp/vcs_dve_general.r0666113.301729}
09:26:11    38 --> ...                                                      [tcl] dveMisc::vbusExpand tbench_top
09:26:11    39 --> ...                                                          [tcl] dveMisc::vbusExpand _vcs_unit__3685399459
09:26:11    40 --> ...                                                              [tcl] config endofsim noexit
09:26:11    41 --> ...                                                                  [tcl] config onfail enable all
09:26:11    42 --> ...                                                                      [tcl] config syscaddplainmembers
09:26:11    43 --> ...                                                                          [tcl] config syscaddsourcenames
09:26:11    44 --> ...                                                                              [tcl] config syscaddstructtypes
09:26:11    45 --> ...                                                                                  [tcl] synopsys::listing -disable
09:29:20    46 --> ...                                                                                      [tcl] synopsys::dump -add {tbench_top.intf_i } -aggregates  -fid VPD0
09:29:20    47 --> ...                                                                                          [tcl] synopsys::dump -add {tbench_top.intf_i.tb } -aggregates  -fid VPD0
09:29:39    48 --> ...                                                                                              [tcl] ucliGUI::getSignalValues -scope tbench_top -radix {decimal } -list {EXT_MEM_HEIGHT }
09:29:40    49 --> ...                                                                                                  [tcl] ucliGUI::getSignalValues -scope tbench_top -radix {decimal } -list {ACCUMULATION_WIDTH }
09:30:32    50 --> ...  [tcl] dveMisc::vbusExpand tbench_top.dut
09:34:12    51 --> ...      [tcl] ucliGUI::getSignalValues -scope tbench_top.dut -radix {hexadecimal } -list {{ext_mem_write_addr[19:0]} }
09:35:47    52 --> ...          [tcl] ucliGUI::getSignalValues -scope tbench_top.dut -radix {hexadecimal } -list {{ext_mem_din[31:0]} }
09:35:47    53 --> ...              [tcl] ucliGUI::getSignalValues -scope tbench_top.dut -radix {binary } -list {ext_mem_write_en }
09:35:48    54 --> ...                  [tcl] ucliGUI::getSignalValues -scope tbench_top.dut -radix {hexadecimal } -list {{ext_mem_qout[31:0]} }
09:35:48    55 --> ...                      [tcl] ucliGUI::getSignalValues -scope tbench_top.dut -radix {hexadecimal } -list {{ext_mem_read_addr[19:0]} }
09:35:50    56 --> ...                          [tcl] ucliGUI::getSignalValues -scope tbench_top.dut -radix {decimal } -list {IO_DATA_WIDTH }
09:35:55    57 --> ...                              [tcl] ucliGUI::getSignalValues -scope tbench_top.dut -radix {decimal } -list {EXT_MEM_WIDTH }
09:35:55    58 --> ...                                  [tcl] ucliGUI::getSignalValues -scope tbench_top.dut -radix {decimal } -list {EXT_MEM_HEIGHT }
09:35:55    59 --> ...                                      [tcl] ucliGUI::getSignalValues -scope tbench_top.dut -radix {decimal } -list {ACCUMULATION_WIDTH }
09:35:55    60 --> ...                                          [tcl] ucliGUI::getSignalValues -scope tbench_top.dut -radix {binary } -list {clk }
09:36:11    61 --> ...                                              [tcl] ucliGUI::vpdAddHierarchy -scope tbench_top.dut.ext_mem -depth 1 -file /tmp/inter.vpd; synopsys::dump -flush VPD0
09:36:11    62 --> ...                                                  [tcl] synopsys::dump -add {tbench_top.dut.ext_mem.HEIGHT} -aggregates  -fid VPD0
09:36:18    63 --> ...                                                      [tcl] synopsys::dump -add {tbench_top.dut.ext_mem.read_addr} -aggregates  -fid VPD0
09:37:06    64 --> ...                                                          [tcl] ucliGUI::getSignalValues -scope tbench_top.dut.ext_mem -radix {binary } -list {write_en }
09:37:06    65 --> ...                                                              [tcl] ucliGUI::getSignalValues -scope tbench_top.dut.ext_mem -radix {hexadecimal hexadecimal hexadecimal hexadecimal hexadecimal hexadecimal hexadecimal hexadecimal hexadecimal hexadecimal hexadecimal hexadecimal hexadecimal hexadecimal hexadecimal hexadecimal } -list {{data[0]} {data[1]} {data[2]} {data[3]} {data[4]} {data[5]} {data[6]} {data[7]} {data[8]} {data[9]} {data[10]} {data[11]} {data[12]} {data[13]} {data[14]} {data[15]} }
09:37:06    66 --> ...                                                                  [tcl] ucliGUI::getSignalValues -scope tbench_top.dut.ext_mem -radix {binary } -list {clk }
09:37:07    67 --> ...                                                                      [tcl] ucliGUI::getSignalValues -scope tbench_top.dut.ext_mem -radix {hexadecimal hexadecimal hexadecimal hexadecimal hexadecimal hexadecimal hexadecimal hexadecimal hexadecimal hexadecimal hexadecimal hexadecimal hexadecimal hexadecimal hexadecimal hexadecimal } -list {{data[0]} {data[1]} {data[2]} {data[3]} {data[4]} {data[5]} {data[6]} {data[7]} {data[8]} {data[9]} {data[10]} {data[11]} {data[12]} {data[13]} {data[14]} {data[15]} }
09:53:38    68 --> ...                                                                          [tcl] ucliGUI::getSignalValues -scope tbench_top.dut.ext_mem -radix {decimal } -list {WIDTH }
09:53:40    69 --> ...                                                                              [tcl] ucliGUI::getSignalValues -scope tbench_top.dut.ext_mem -radix {hexadecimal } -list {{din[31:0]} }
09:53:40    70 --> ...                                                                                  [tcl] ucliGUI::getSignalValues -scope tbench_top.dut.ext_mem -radix {decimal } -list {HEIGHT }
09:57:17    71 --> ...                                                                                      [tcl] synopsys::dump -add {tbench_top.dut.ext_mem.write_addr} -aggregates  -fid VPD0
09:57:25    72 --> ...                                                                                          [tcl] ucliGUI::getSignalValues -scope tbench_top.dut -radix {binary } -list {b_valid }
09:57:26    73 --> ...                                                                                              [tcl] ucliGUI::getSignalValues -scope tbench_top.dut -radix {binary } -list {a_ready }
09:57:59    74 --> ...                                                                                                  [tcl] synopsys::dump -add {tbench_top.dut.FEATURE_MAP_WIDTH} -aggregates  -fid VPD0
09:58:25    75 --> ...  [tcl] ucliGUI::getSignalValues -scope tbench_top.dut -radix {binary } -list {ext_mem_read_en }
09:59:39    76 --> ...      [tcl] ucliGUI::getSignalValues -scope tbench_top.dut -radix {decimal } -list {FEATURE_MAP_WIDTH }
09:59:43    77 --> ...          [tcl] ucliGUI::getSignalValues -scope tbench_top.dut -radix {decimal } -list {FEATURE_MAP_HEIGHT }
09:59:43    78 --> ...              [tcl] ucliGUI::getSignalValues -scope tbench_top.dut -radix {decimal } -list {OUTPUT_NB_CHANNELS }
09:59:49    79 --> ...                  [tcl] ucliGUI::getSignalValues -scope tbench_top.dut -radix {binary } -list {start }
10:00:03    80 --> ...                      [tcl] ucliGUI::getSignalValues -scope tbench_top.dut -radix {hexadecimal } -list {{b_input[15:0]} }
10:00:10    81 --> ...                          [tcl] ucliGUI::getSignalValues -scope tbench_top.dut -radix {decimal } -list {INPUT_NB_CHANNELS }
