# Preference setting overrides
gui_create_pref_key -category {Globals} -key {load_detail_for_funcov} -value_type {bool} -value {false}

# State setting overrides
gui_state_default_create -off -ini
gui_set_state_value -category Layout -key child_console_size_x -value 713
gui_set_state_value -category Layout -key child_console_size_y -value 175
gui_set_state_value -category Layout -key child_data_size_x -value 170
gui_set_state_value -category Layout -key child_data_size_y -value 376
gui_set_state_value -category Layout -key child_hier_col3 -value {-1}
gui_set_state_value -category Layout -key child_hier_colpd -value 0
gui_set_state_value -category Layout -key child_hier_size_x -value 170
gui_set_state_value -category Layout -key child_hier_size_y -value 376
gui_set_state_value -category Layout -key child_source_showstate -value normal
gui_set_state_value -category Layout -key child_source_size_x -value 368
gui_set_state_value -category Layout -key child_source_size_y -value 351
gui_set_state_value -category Layout -key child_wave_colname -value 121
gui_set_state_value -category Layout -key child_wave_colvalue -value 120
gui_set_state_value -category Layout -key child_wave_left -value 245
gui_set_state_value -category Layout -key child_wave_right -value 597
gui_set_state_value -category Layout -key main_pos_x -value 193
gui_set_state_value -category Layout -key main_pos_y -value 69
gui_set_state_value -category Layout -key main_size_x -value 906
gui_set_state_value -category Layout -key main_size_y -value 767
gui_set_state_value -category Layout -key stand_wave_child_pos_x -value {-2}
gui_set_state_value -category Layout -key stand_wave_child_pos_y -value {-15}
gui_set_state_value -category Layout -key stand_wave_child_size_x -value 852
gui_set_state_value -category Layout -key stand_wave_child_size_y -value 346
gui_set_state_value -category Layout -key stand_wave_top_pos_x -value 79
gui_set_state_value -category Layout -key stand_wave_top_pos_y -value 247
gui_set_state_value -category Layout -key stand_wave_top_size_x -value 926
gui_set_state_value -category Layout -key stand_wave_top_size_y -value 744
gui_create_state_key -category FindDialog -key m_pMatchCase -value_type bool -value false
gui_create_state_key -category FindDialog -key m_pMatchWord -value_type bool -value false
gui_create_state_key -category FindDialog -key m_pUseCombo -value_type string -value {}
gui_create_state_key -category FindDialog -key m_pWrapAround -value_type bool -value true
gui_create_state_key -category Widget_History -key {dlgSimSetup|m_setupTab|tab pages|SimTab|m_VPDCombo} -value_type string -value inter.vpd
gui_create_state_key -category Widget_History -key {dlgSimSetup|m_setupTab|tab pages|SimTab|m_argsCombo} -value_type string -value {{-ucligui -vpd_file /tmp/inter.vpd} {-vpd_file /tmp/inter.vpd}}
gui_create_state_key -category Widget_History -key {dlgSimSetup|m_setupTab|tab pages|SimTab|m_curDirCombo} -value_type string -value /users/students/r0669247/Documents/CPAED/resp/CPAED
gui_create_state_key -category Widget_History -key {dlgSimSetup|m_setupTab|tab pages|SimTab|m_exeCombo} -value_type string -value {/users/students/r0669247/Documents/CPAED/resp/CPAED/out/simv out/simv}
gui_state_default_create -off

# Begin command logging
gui_set_pref_value -category {Globals} -key {smart_resize} -value {false}
gui_set_pref_value -category {Globals} -key {smart_resize} -value {true}
gui_sim_run Ucli -exe out/simv -args {-ucligui  -vpd_file /tmp/inter.vpd} -dir out
gui_sim_continue  
gui_sim_stop 
gui_sim_next 
gui_sim_continue  
gui_sim_stop 
gui_sim_continue  
gui_sim_stop 
